[1017/175434.496:ERROR:directory_reader_win.cc(43)] FindFirstFile: The system cannot find the path specified. (0x3)
[1017/190054.934:ERROR:process_reader_win.cc(151)] SuspendThread: Access is denied. (0x5)
[1017/190054.935:ERROR:process_reader_win.cc(151)] SuspendThread: Access is denied. (0x5)
[1017/190054.935:ERROR:process_reader_win.cc(123)] NtOpenThread: {Access Denied} A process has requested access to an object, but has not been granted those access rights. (0xc0000022)
[1017/190054.936:ERROR:exception_snapshot_win.cc(99)] thread ID 9192 not found in process
[1017/190054.957:ERROR:process_reader_win.cc(151)] SuspendThread: Access is denied. (0x5)
[1017/190054.957:ERROR:process_reader_win.cc(151)] SuspendThread: Access is denied. (0x5)
[1017/190054.957:ERROR:process_reader_win.cc(151)] SuspendThread: Access is denied. (0x5)
[1017/190054.957:ERROR:process_reader_win.cc(151)] SuspendThread: Access is denied. (0x5)
[1017/190054.957:ERROR:process_reader_win.cc(151)] SuspendThread: Access is denied. (0x5)
[1017/190054.957:ERROR:process_reader_win.cc(151)] SuspendThread: Access is denied. (0x5)
[1017/190054.958:ERROR:process_reader_win.cc(151)] SuspendThread: Access is denied. (0x5)
[1017/190054.958:ERROR:process_reader_win.cc(151)] SuspendThread: Access is denied. (0x5)
[1017/190054.958:ERROR:process_reader_win.cc(151)] SuspendThread: Access is denied. (0x5)
[1017/190054.958:ERROR:process_reader_win.cc(151)] SuspendThread: Access is denied. (0x5)
[1017/190054.958:ERROR:process_reader_win.cc(151)] SuspendThread: Access is denied. (0x5)
[1017/190054.958:ERROR:process_reader_win.cc(151)] SuspendThread: Access is denied. (0x5)
[1017/190054.958:ERROR:process_reader_win.cc(151)] SuspendThread: Access is denied. (0x5)
[1017/190054.958:ERROR:process_reader_win.cc(151)] SuspendThread: Access is denied. (0x5)
[1017/190054.958:ERROR:process_reader_win.cc(123)] NtOpenThread: {Access Denied} A process has requested access to an object, but has not been granted those access rights. (0xc0000022)
[1017/190054.958:ERROR:exception_snapshot_win.cc(99)] thread ID 13704 not found in process
[1017/190054.961:ERROR:process_reader_win.cc(151)] SuspendThread: Access is denied. (0x5)
[1017/190054.961:ERROR:process_reader_win.cc(151)] SuspendThread: Access is denied. (0x5)
[1017/190054.961:ERROR:process_reader_win.cc(151)] SuspendThread: Access is denied. (0x5)
[1017/190054.961:ERROR:process_reader_win.cc(151)] SuspendThread: Access is denied. (0x5)
[1017/190054.961:ERROR:process_reader_win.cc(151)] SuspendThread: Access is denied. (0x5)
[1017/190054.961:ERROR:process_reader_win.cc(151)] SuspendThread: Access is denied. (0x5)
[1017/190054.961:ERROR:process_reader_win.cc(151)] SuspendThread: Access is denied. (0x5)
[1017/190054.961:ERROR:process_reader_win.cc(151)] SuspendThread: Access is denied. (0x5)
[1017/190054.961:ERROR:process_reader_win.cc(151)] SuspendThread: Access is denied. (0x5)
[1017/190054.961:ERROR:process_reader_win.cc(151)] SuspendThread: Access is denied. (0x5)
[1017/190054.961:ERROR:process_reader_win.cc(151)] SuspendThread: Access is denied. (0x5)
[1017/190054.961:ERROR:process_reader_win.cc(151)] SuspendThread: Access is denied. (0x5)
[1017/190054.961:ERROR:process_reader_win.cc(151)] SuspendThread: Access is denied. (0x5)
[1017/190054.961:ERROR:process_reader_win.cc(123)] NtOpenThread: {Access Denied} A process has requested access to an object, but has not been granted those access rights. (0xc0000022)
[1017/190054.961:ERROR:exception_snapshot_win.cc(99)] thread ID 5128 not found in process
[1017/190054.964:ERROR:process_reader_win.cc(151)] SuspendThread: Access is denied. (0x5)
[1017/190054.964:ERROR:process_reader_win.cc(151)] SuspendThread: Access is denied. (0x5)
[1017/190054.964:ERROR:process_reader_win.cc(151)] SuspendThread: Access is denied. (0x5)
[1017/190054.964:ERROR:process_reader_win.cc(151)] SuspendThread: Access is denied. (0x5)
[1017/190054.964:ERROR:process_reader_win.cc(151)] SuspendThread: Access is denied. (0x5)
[1017/190054.964:ERROR:process_reader_win.cc(123)] NtOpenThread: {Access Denied} A process has requested access to an object, but has not been granted those access rights. (0xc0000022)
[1017/190054.964:ERROR:exception_snapshot_win.cc(99)] thread ID 7572 not found in process
[1017/190054.980:ERROR:process_reader_win.cc(123)] NtOpenThread: {Access Denied} A process has requested access to an object, but has not been granted those access rights. (0xc0000022)
[1017/190054.981:ERROR:exception_snapshot_win.cc(99)] thread ID 4212 not found in process
[1017/190054.984:ERROR:process_reader_win.cc(151)] SuspendThread: Access is denied. (0x5)
[1017/190054.985:ERROR:process_reader_win.cc(151)] SuspendThread: Access is denied. (0x5)
[1017/190054.985:ERROR:process_reader_win.cc(151)] SuspendThread: Access is denied. (0x5)
[1017/190054.985:ERROR:process_reader_win.cc(151)] SuspendThread: Access is denied. (0x5)
[1017/190054.985:ERROR:process_reader_win.cc(151)] SuspendThread: Access is denied. (0x5)
[1017/190054.985:ERROR:process_reader_win.cc(151)] SuspendThread: Access is denied. (0x5)
[1017/190054.985:ERROR:process_reader_win.cc(151)] SuspendThread: Access is denied. (0x5)
[1017/190054.985:ERROR:process_reader_win.cc(151)] SuspendThread: Access is denied. (0x5)
[1017/190054.985:ERROR:process_reader_win.cc(151)] SuspendThread: Access is denied. (0x5)
[1017/190054.985:ERROR:process_reader_win.cc(151)] SuspendThread: Access is denied. (0x5)
[1017/190054.985:ERROR:process_reader_win.cc(151)] SuspendThread: Access is denied. (0x5)
[1017/190054.985:ERROR:process_reader_win.cc(151)] SuspendThread: Access is denied. (0x5)
[1017/190054.985:ERROR:process_reader_win.cc(151)] SuspendThread: Access is denied. (0x5)
[1017/190054.985:ERROR:process_reader_win.cc(123)] NtOpenThread: {Access Denied} A process has requested access to an object, but has not been granted those access rights. (0xc0000022)
[1017/190054.985:ERROR:exception_snapshot_win.cc(99)] thread ID 14216 not found in process
[1017/190411.721:ERROR:process_reader_win.cc(151)] SuspendThread: Access is denied. (0x5)
[1017/190411.722:ERROR:process_reader_win.cc(151)] SuspendThread: Access is denied. (0x5)
[1017/190411.722:ERROR:process_reader_win.cc(123)] NtOpenThread: {Access Denied} A process has requested access to an object, but has not been granted those access rights. (0xc0000022)
[1017/190411.722:ERROR:exception_snapshot_win.cc(99)] thread ID 9472 not found in process
[1017/190411.729:ERROR:process_reader_win.cc(151)] SuspendThread: Access is denied. (0x5)
[1017/190411.729:ERROR:process_reader_win.cc(151)] SuspendThread: Access is denied. (0x5)
[1017/190411.729:ERROR:process_reader_win.cc(123)] NtOpenThread: {Access Denied} A process has requested access to an object, but has not been granted those access rights. (0xc0000022)
[1017/190411.729:ERROR:exception_snapshot_win.cc(99)] thread ID 6224 not found in process
[1017/190411.737:ERROR:process_reader_win.cc(151)] SuspendThread: Access is denied. (0x5)
[1017/190411.737:ERROR:process_reader_win.cc(151)] SuspendThread: Access is denied. (0x5)
[1017/190411.737:ERROR:process_reader_win.cc(151)] SuspendThread: Access is denied. (0x5)
[1017/190411.737:ERROR:process_reader_win.cc(151)] SuspendThread: Access is denied. (0x5)
[1017/190411.737:ERROR:process_reader_win.cc(151)] SuspendThread: Access is denied. (0x5)
[1017/190411.737:ERROR:process_reader_win.cc(123)] NtOpenThread: {Access Denied} A process has requested access to an object, but has not been granted those access rights. (0xc0000022)
[1017/190411.737:ERROR:exception_snapshot_win.cc(99)] thread ID 1892 not found in process
[1017/190411.738:ERROR:process_reader_win.cc(151)] SuspendThread: Access is denied. (0x5)
[1017/190411.738:ERROR:process_reader_win.cc(151)] SuspendThread: Access is denied. (0x5)
[1017/190411.738:ERROR:process_reader_win.cc(123)] NtOpenThread: {Access Denied} A process has requested access to an object, but has not been granted those access rights. (0xc0000022)
[1017/190411.738:ERROR:exception_snapshot_win.cc(99)] thread ID 2496 not found in process
[1017/190411.747:ERROR:process_reader_win.cc(151)] SuspendThread: Access is denied. (0x5)
[1017/190411.747:ERROR:process_reader_win.cc(151)] SuspendThread: Access is denied. (0x5)
[1017/190411.747:ERROR:process_reader_win.cc(151)] SuspendThread: Access is denied. (0x5)
[1017/190411.747:ERROR:process_reader_win.cc(151)] SuspendThread: Access is denied. (0x5)
[1017/190411.747:ERROR:process_reader_win.cc(151)] SuspendThread: Access is denied. (0x5)
[1017/190411.747:ERROR:process_reader_win.cc(151)] SuspendThread: Access is denied. (0x5)
[1017/190411.747:ERROR:process_reader_win.cc(151)] SuspendThread: Access is denied. (0x5)
[1017/190411.747:ERROR:process_reader_win.cc(151)] SuspendThread: Access is denied. (0x5)
[1017/190411.747:ERROR:process_reader_win.cc(151)] SuspendThread: Access is denied. (0x5)
[1017/190411.747:ERROR:process_reader_win.cc(123)] NtOpenThread: {Access Denied} A process has requested access to an object, but has not been granted those access rights. (0xc0000022)
[1017/190411.748:ERROR:exception_snapshot_win.cc(99)] thread ID 8264 not found in process
[1017/190411.750:ERROR:process_reader_win.cc(151)] SuspendThread: Access is denied. (0x5)
[1017/190411.750:ERROR:process_reader_win.cc(151)] SuspendThread: Access is denied. (0x5)
[1017/190411.750:ERROR:process_reader_win.cc(123)] NtOpenThread: {Access Denied} A process has requested access to an object, but has not been granted those access rights. (0xc0000022)
[1017/190411.750:ERROR:exception_snapshot_win.cc(99)] thread ID 9596 not found in process
[1017/190411.752:ERROR:process_reader_win.cc(151)] SuspendThread: Access is denied. (0x5)
[1017/190411.752:ERROR:process_reader_win.cc(151)] SuspendThread: Access is denied. (0x5)
[1017/190411.752:ERROR:process_reader_win.cc(151)] SuspendThread: Access is denied. (0x5)
[1017/190411.752:ERROR:process_reader_win.cc(151)] SuspendThread: Access is denied. (0x5)
[1017/190411.752:ERROR:process_reader_win.cc(151)] SuspendThread: Access is denied. (0x5)
[1017/190411.752:ERROR:process_reader_win.cc(151)] SuspendThread: Access is denied. (0x5)
[1017/190411.752:ERROR:process_reader_win.cc(151)] SuspendThread: Access is denied. (0x5)
[1017/190411.752:ERROR:process_reader_win.cc(151)] SuspendThread: Access is denied. (0x5)
[1017/190411.752:ERROR:process_reader_win.cc(151)] SuspendThread: Access is denied. (0x5)
[1017/190411.752:ERROR:process_reader_win.cc(151)] SuspendThread: Access is denied. (0x5)
[1017/190411.752:ERROR:process_reader_win.cc(151)] SuspendThread: Access is denied. (0x5)
[1017/190411.752:ERROR:process_reader_win.cc(123)] NtOpenThread: {Access Denied} A process has requested access to an object, but has not been granted those access rights. (0xc0000022)
[1017/190411.753:ERROR:exception_snapshot_win.cc(99)] thread ID 2516 not found in process
[1017/190411.761:ERROR:process_reader_win.cc(151)] SuspendThread: Access is denied. (0x5)
[1017/190411.761:ERROR:process_reader_win.cc(151)] SuspendThread: Access is denied. (0x5)
[1017/190411.761:ERROR:process_reader_win.cc(151)] SuspendThread: Access is denied. (0x5)
[1017/190411.761:ERROR:process_reader_win.cc(151)] SuspendThread: Access is denied. (0x5)
[1017/190411.761:ERROR:process_reader_win.cc(151)] SuspendThread: Access is denied. (0x5)
[1017/190411.761:ERROR:process_reader_win.cc(151)] SuspendThread: Access is denied. (0x5)
[1017/190411.761:ERROR:process_reader_win.cc(151)] SuspendThread: Access is denied. (0x5)
[1017/190411.761:ERROR:process_reader_win.cc(151)] SuspendThread: Access is denied. (0x5)
[1017/190411.761:ERROR:process_reader_win.cc(151)] SuspendThread: Access is denied. (0x5)
[1017/190411.761:ERROR:process_reader_win.cc(151)] SuspendThread: Access is denied. (0x5)
[1017/190411.761:ERROR:process_reader_win.cc(151)] SuspendThread: Access is denied. (0x5)
[1017/190411.761:ERROR:process_reader_win.cc(151)] SuspendThread: Access is denied. (0x5)
[1017/190411.761:ERROR:process_reader_win.cc(151)] SuspendThread: Access is denied. (0x5)
[1017/190411.761:ERROR:process_reader_win.cc(151)] SuspendThread: Access is denied. (0x5)
[1017/190411.761:ERROR:process_reader_win.cc(151)] SuspendThread: Access is denied. (0x5)
[1017/190411.761:ERROR:process_reader_win.cc(123)] NtOpenThread: {Access Denied} A process has requested access to an object, but has not been granted those access rights. (0xc0000022)
[1017/190411.762:ERROR:exception_snapshot_win.cc(99)] thread ID 10656 not found in process
[1017/191857.440:ERROR:directory_reader_win.cc(43)] FindFirstFile: The system cannot find the path specified. (0x3)
[1017/200820.547:ERROR:directory_reader_win.cc(43)] FindFirstFile: The system cannot find the path specified. (0x3)
[1017/200820.547:ERROR:prune_crash_reports.cc(36)] PruneCrashReportDatabase: Failed to get pending reports
[1017/200852.747:ERROR:directory_reader_win.cc(43)] FindFirstFile: The system cannot find the path specified. (0x3)
[1017/200852.747:ERROR:prune_crash_reports.cc(36)] PruneCrashReportDatabase: Failed to get pending reports
[1017/201138.268:ERROR:directory_reader_win.cc(43)] FindFirstFile: The system cannot find the path specified. (0x3)
[1017/201214.415:ERROR:directory_reader_win.cc(43)] FindFirstFile: The system cannot find the path specified. (0x3)
[1018/010137.910:ERROR:directory_reader_win.cc(43)] FindFirstFile: The system cannot find the path specified. (0x3)
